<?xml version="1.0" encoding="UTF-8"?>
<testsuite name="JUnit Jupiter" tests="53" skipped="0" failures="0" errors="0" time="11.667" hostname="anatoliy-TravelMate-5744" timestamp="2018-03-12T23:14:05">
<properties>
[...]
</properties>
<testcase name="deleteWhenBadConnectionThrowsDaoException()" classname="com.courses.airport.dao.AirDaoMockTest" time="1.982">
<system-out><![CDATA[
unique-id: [engine:junit-jupiter]/[class:com.courses.airport.dao.AirDaoMockTest]/[method:deleteWhenBadConnectionThrowsDaoException()]
display-name: deleteWhenBadConnectionThrowsDaoException()
]]></system-out>
</testcase>
<testcase name="newCustomerWhenConnectionFailedThrowsDaoException()" classname="com.courses.airport.dao.AirDaoMockTest" time="0.157">
<system-out><![CDATA[
unique-id: [engine:junit-jupiter]/[class:com.courses.airport.dao.AirDaoMockTest]/[method:newCustomerWhenConnectionFailedThrowsDaoException()]
display-name: newCustomerWhenConnectionFailedThrowsDaoException()
]]></system-out>
</testcase>
<testcase name="getAllWhenEntryExistsReturnsListWithCustomer()" classname="com.courses.airport.dao.AirDaoMockTest" time="0.174">
<system-out><![CDATA[
unique-id: [engine:junit-jupiter]/[class:com.courses.airport.dao.AirDaoMockTest]/[method:getAllWhenEntryExistsReturnsListWithCustomer()]
display-name: getAllWhenEntryExistsReturnsListWithCustomer()
]]></system-out>
</testcase>
<testcase name="updateWhenBadConnectionThrowsDaoException()" classname="com.courses.airport.dao.AirDaoMockTest" time="0.14">
<system-out><![CDATA[
unique-id: [engine:junit-jupiter]/[class:com.courses.airport.dao.AirDaoMockTest]/[method:updateWhenBadConnectionThrowsDaoException()]
display-name: updateWhenBadConnectionThrowsDaoException()
]]></system-out>
</testcase>
<testcase name="deleteWhenWhenEntryNotExistsReturns0()" classname="com.courses.airport.dao.AirDaoMockTest" time="0.192">
<system-out><![CDATA[
unique-id: [engine:junit-jupiter]/[class:com.courses.airport.dao.AirDaoMockTest]/[method:deleteWhenWhenEntryNotExistsReturns0()]
display-name: deleteWhenWhenEntryNotExistsReturns0()
]]></system-out>
</testcase>
<testcase name="updateWhenEntryNotExistsReturns0()" classname="com.courses.airport.dao.AirDaoMockTest" time="0.195">
<system-out><![CDATA[
unique-id: [engine:junit-jupiter]/[class:com.courses.airport.dao.AirDaoMockTest]/[method:updateWhenEntryNotExistsReturns0()]
display-name: updateWhenEntryNotExistsReturns0()
]]></system-out>
</testcase>
<testcase name="getByIdWhenBadConnectionThrowsDaoException()" classname="com.courses.airport.dao.AirDaoMockTest" time="0.109">
<system-out><![CDATA[
unique-id: [engine:junit-jupiter]/[class:com.courses.airport.dao.AirDaoMockTest]/[method:getByIdWhenBadConnectionThrowsDaoException()]
display-name: getByIdWhenBadConnectionThrowsDaoException()
]]></system-out>
</testcase>
<testcase name="getByIdWhenEmptyResultSetReturnsOptionalEmpty()" classname="com.courses.airport.dao.AirDaoMockTest" time="0.152">
<system-out><![CDATA[
unique-id: [engine:junit-jupiter]/[class:com.courses.airport.dao.AirDaoMockTest]/[method:getByIdWhenEmptyResultSetReturnsOptionalEmpty()]
display-name: getByIdWhenEmptyResultSetReturnsOptionalEmpty()
]]></system-out>
</testcase>
<testcase name="getByIdWithExistingIdReturnsCustomer()" classname="com.courses.airport.dao.AirDaoMockTest" time="0.09">
<system-out><![CDATA[
unique-id: [engine:junit-jupiter]/[class:com.courses.airport.dao.AirDaoMockTest]/[method:getByIdWithExistingIdReturnsCustomer()]
display-name: getByIdWithExistingIdReturnsCustomer()
]]></system-out>
</testcase>
<testcase name="deleteWhenWhenEntryExistsReturns1()" classname="com.courses.airport.dao.AirDaoMockTest" time="0.07">
<system-out><![CDATA[
unique-id: [engine:junit-jupiter]/[class:com.courses.airport.dao.AirDaoMockTest]/[method:deleteWhenWhenEntryExistsReturns1()]
display-name: deleteWhenWhenEntryExistsReturns1()
]]></system-out>
</testcase>
<testcase name="insertWhenExecuteUpdatePositiveDataReturnsTrue()" classname="com.courses.airport.dao.AirDaoMockTest" time="0.103">
<system-out><![CDATA[
unique-id: [engine:junit-jupiter]/[class:com.courses.airport.dao.AirDaoMockTest]/[method:insertWhenExecuteUpdatePositiveDataReturnsTrue()]
display-name: insertWhenExecuteUpdatePositiveDataReturnsTrue()
]]></system-out>
</testcase>
<testcase name="getAllWhenBadConnectionThrowsDaoException()" classname="com.courses.airport.dao.AirDaoMockTest" time="0.069">
<system-out><![CDATA[
unique-id: [engine:junit-jupiter]/[class:com.courses.airport.dao.AirDaoMockTest]/[method:getAllWhenBadConnectionThrowsDaoException()]
display-name: getAllWhenBadConnectionThrowsDaoException()
]]></system-out>
</testcase>
<testcase name="insertWhenBadConnectionThrowsDAOException()" classname="com.courses.airport.dao.AirDaoMockTest" time="0.068">
<system-out><![CDATA[
unique-id: [engine:junit-jupiter]/[class:com.courses.airport.dao.AirDaoMockTest]/[method:insertWhenBadConnectionThrowsDAOException()]
display-name: insertWhenBadConnectionThrowsDAOException()
]]></system-out>
</testcase>
<testcase name="updateWhenEntryExistsReturns1()" classname="com.courses.airport.dao.AirDaoMockTest" time="0.079">
<system-out><![CDATA[
unique-id: [engine:junit-jupiter]/[class:com.courses.airport.dao.AirDaoMockTest]/[method:updateWhenEntryExistsReturns1()]
display-name: updateWhenEntryExistsReturns1()
]]></system-out>
</testcase>
<testcase name="getByIdWhenTableNotExistsThrowsDaoException()" classname="com.courses.airport.dao.AirportDaoTest" time="6.011">
<system-out><![CDATA[
unique-id: [engine:junit-jupiter]/[class:com.courses.airport.dao.AirportDaoTest]/[method:getByIdWhenTableNotExistsThrowsDaoException()]
display-name: getByIdWhenTableNotExistsThrowsDaoException()
]]></system-out>
</testcase>
<testcase name="getAllWhenTableHasDataReturnsListOfCustomers()" classname="com.courses.airport.dao.AirportDaoTest" time="0.079">
<system-out><![CDATA[
unique-id: [engine:junit-jupiter]/[class:com.courses.airport.dao.AirportDaoTest]/[method:getAllWhenTableHasDataReturnsListOfCustomers()]
display-name: getAllWhenTableHasDataReturnsListOfCustomers()
]]></system-out>
</testcase>
<testcase name="updateWhenTableNotExistsThrowsDaoException()" classname="com.courses.airport.dao.AirportDaoTest" time="0.027">
<system-out><![CDATA[
unique-id: [engine:junit-jupiter]/[class:com.courses.airport.dao.AirportDaoTest]/[method:updateWhenTableNotExistsThrowsDaoException()]
display-name: updateWhenTableNotExistsThrowsDaoException()
]]></system-out>
</testcase>
<testcase name="deleteWithNotExistingReturns0()" classname="com.courses.airport.dao.AirportDaoTest" time="0.015">
<system-out><![CDATA[
unique-id: [engine:junit-jupiter]/[class:com.courses.airport.dao.AirportDaoTest]/[method:deleteWithNotExistingReturns0()]
display-name: deleteWithNotExistingReturns0()
]]></system-out>
</testcase>
<testcase name="insertWhenTableNotExistsThrowsDaoException()" classname="com.courses.airport.dao.AirportDaoTest" time="0.013">
<system-out><![CDATA[
unique-id: [engine:junit-jupiter]/[class:com.courses.airport.dao.AirportDaoTest]/[method:insertWhenTableNotExistsThrowsDaoException()]
display-name: insertWhenTableNotExistsThrowsDaoException()
]]></system-out>
</testcase>
<testcase name="getByIdWithExistingIdReturnsCustomer()" classname="com.courses.airport.dao.AirportDaoTest" time="0.011">
<system-out><![CDATA[
unique-id: [engine:junit-jupiter]/[class:com.courses.airport.dao.AirportDaoTest]/[method:getByIdWithExistingIdReturnsCustomer()]
display-name: getByIdWithExistingIdReturnsCustomer()
]]></system-out>
</testcase>
<testcase name="insertWithValidDataReturnsTrue()" classname="com.courses.airport.dao.AirportDaoTest" time="0.016">
<system-out><![CDATA[
unique-id: [engine:junit-jupiter]/[class:com.courses.airport.dao.AirportDaoTest]/[method:insertWithValidDataReturnsTrue()]
display-name: insertWithValidDataReturnsTrue()
]]></system-out>
</testcase>
<testcase name="deleteWithExistingIdReturns1()" classname="com.courses.airport.dao.AirportDaoTest" time="0.011">
<system-out><![CDATA[
unique-id: [engine:junit-jupiter]/[class:com.courses.airport.dao.AirportDaoTest]/[method:deleteWithExistingIdReturns1()]
display-name: deleteWithExistingIdReturns1()
]]></system-out>
</testcase>
<testcase name="deleteWhenTableNotExistsThrowsDaoException()" classname="com.courses.airport.dao.AirportDaoTest" time="0.016">
<system-out><![CDATA[
unique-id: [engine:junit-jupiter]/[class:com.courses.airport.dao.AirportDaoTest]/[method:deleteWhenTableNotExistsThrowsDaoException()]
display-name: deleteWhenTableNotExistsThrowsDaoException()
]]></system-out>
</testcase>
<testcase name="getAllWhenTableNotExistsThrowsDaoException()" classname="com.courses.airport.dao.AirportDaoTest" time="0.017">
<system-out><![CDATA[
unique-id: [engine:junit-jupiter]/[class:com.courses.airport.dao.AirportDaoTest]/[method:getAllWhenTableNotExistsThrowsDaoException()]
display-name: getAllWhenTableNotExistsThrowsDaoException()
]]></system-out>
</testcase>
<testcase name="updateWhenEntryExistsReturnsTrue()" classname="com.courses.airport.dao.AirportDaoTest" time="0.009">
<system-out><![CDATA[
unique-id: [engine:junit-jupiter]/[class:com.courses.airport.dao.AirportDaoTest]/[method:updateWhenEntryExistsReturnsTrue()]
display-name: updateWhenEntryExistsReturnsTrue()
]]></system-out>
</testcase>
<testcase name="getByIdWithNotExistingIdReturnsOptionalEmpty()" classname="com.courses.airport.dao.AirportDaoTest" time="0.01">
<system-out><![CDATA[
unique-id: [engine:junit-jupiter]/[class:com.courses.airport.dao.AirportDaoTest]/[method:getByIdWithNotExistingIdReturnsOptionalEmpty()]
display-name: getByIdWithNotExistingIdReturnsOptionalEmpty()
]]></system-out>
</testcase>
<testcase name="getAllWhenTableHasNoDataReturnsEmptyList()" classname="com.courses.airport.dao.AirportDaoTest" time="0.014">
<system-out><![CDATA[
unique-id: [engine:junit-jupiter]/[class:com.courses.airport.dao.AirportDaoTest]/[method:getAllWhenTableHasNoDataReturnsEmptyList()]
display-name: getAllWhenTableHasNoDataReturnsEmptyList()
]]></system-out>
</testcase>
<testcase name="updateWhenEntryNotExistsReturnsFalse()" classname="com.courses.airport.dao.AirportDaoTest" time="0.012">
<system-out><![CDATA[
unique-id: [engine:junit-jupiter]/[class:com.courses.airport.dao.AirportDaoTest]/[method:updateWhenEntryNotExistsReturnsFalse()]
display-name: updateWhenEntryNotExistsReturnsFalse()
]]></system-out>
</testcase>
<testcase name="removeByIdWithNegativeIdThrowsDaoException()" classname="com.courses.airport.dao.TicketDaoMockTest" time="0.027">
<system-out><![CDATA[
unique-id: [engine:junit-jupiter]/[class:com.courses.airport.dao.TicketDaoMockTest]/[method:removeByIdWithNegativeIdThrowsDaoException()]
display-name: removeByIdWithNegativeIdThrowsDaoException()
]]></system-out>
</testcase>
<testcase name="findByIdWithNegativeIdThrowsDaoException()" classname="com.courses.airport.dao.TicketDaoMockTest" time="0.015">
<system-out><![CDATA[
unique-id: [engine:junit-jupiter]/[class:com.courses.airport.dao.TicketDaoMockTest]/[method:findByIdWithNegativeIdThrowsDaoException()]
display-name: findByIdWithNegativeIdThrowsDaoException()
]]></system-out>
</testcase>
<testcase name="updateWhenBadConnectionThrowsDaoException()" classname="com.courses.airport.dao.TicketDaoMockTest" time="0.025">
<system-out><![CDATA[
unique-id: [engine:junit-jupiter]/[class:com.courses.airport.dao.TicketDaoMockTest]/[method:updateWhenBadConnectionThrowsDaoException()]
display-name: updateWhenBadConnectionThrowsDaoException()
]]></system-out>
</testcase>
<testcase name="removeByIdWhenBadConnectionThrowsDaoException()" classname="com.courses.airport.dao.TicketDaoMockTest" time="0.022">
<system-out><![CDATA[
unique-id: [engine:junit-jupiter]/[class:com.courses.airport.dao.TicketDaoMockTest]/[method:removeByIdWhenBadConnectionThrowsDaoException()]
display-name: removeByIdWhenBadConnectionThrowsDaoException()
]]></system-out>
</testcase>
<testcase name="findAllWhenBadConnectionThrowsDaoException()" classname="com.courses.airport.dao.TicketDaoMockTest" time="0.015">
<system-out><![CDATA[
unique-id: [engine:junit-jupiter]/[class:com.courses.airport.dao.TicketDaoMockTest]/[method:findAllWhenBadConnectionThrowsDaoException()]
display-name: findAllWhenBadConnectionThrowsDaoException()
]]></system-out>
</testcase>
<testcase name="findByIdWhenBadConnectionThrowsDaoException()" classname="com.courses.airport.dao.TicketDaoMockTest" time="0.018">
<system-out><![CDATA[
unique-id: [engine:junit-jupiter]/[class:com.courses.airport.dao.TicketDaoMockTest]/[method:findByIdWhenBadConnectionThrowsDaoException()]
display-name: findByIdWhenBadConnectionThrowsDaoException()
]]></system-out>
</testcase>
<testcase name="insertWhenExecuteUpdatePositiveDataReturnsTrue()" classname="com.courses.airport.dao.TicketDaoMockTest" time="0.055">
<system-out><![CDATA[
unique-id: [engine:junit-jupiter]/[class:com.courses.airport.dao.TicketDaoMockTest]/[method:insertWhenExecuteUpdatePositiveDataReturnsTrue()]
display-name: insertWhenExecuteUpdatePositiveDataReturnsTrue()
]]></system-out>
</testcase>
<testcase name="findByIdWithExistingIdReturnsTicket()" classname="com.courses.airport.dao.TicketDaoMockTest" time="0.059">
<system-out><![CDATA[
unique-id: [engine:junit-jupiter]/[class:com.courses.airport.dao.TicketDaoMockTest]/[method:findByIdWithExistingIdReturnsTicket()]
display-name: findByIdWithExistingIdReturnsTicket()
]]></system-out>
</testcase>
<testcase name="insertWhenBadConnectionThrowsDAOException()" classname="com.courses.airport.dao.TicketDaoMockTest" time="0.018">
<system-out><![CDATA[
unique-id: [engine:junit-jupiter]/[class:com.courses.airport.dao.TicketDaoMockTest]/[method:insertWhenBadConnectionThrowsDAOException()]
display-name: insertWhenBadConnectionThrowsDAOException()
]]></system-out>
</testcase>
<testcase name="insertWhenExecuteUpdateNegativeDataReturnsTrue()" classname="com.courses.airport.dao.TicketDaoMockTest" time="0.047">
<system-out><![CDATA[
unique-id: [engine:junit-jupiter]/[class:com.courses.airport.dao.TicketDaoMockTest]/[method:insertWhenExecuteUpdateNegativeDataReturnsTrue()]
display-name: insertWhenExecuteUpdateNegativeDataReturnsTrue()
]]></system-out>
</testcase>
<testcase name="findByIdWhenEmptyResultSetReturnsNull()" classname="com.courses.airport.dao.TicketDaoMockTest" time="0.057">
<system-out><![CDATA[
unique-id: [engine:junit-jupiter]/[class:com.courses.airport.dao.TicketDaoMockTest]/[method:findByIdWhenEmptyResultSetReturnsNull()]
display-name: findByIdWhenEmptyResultSetReturnsNull()
]]></system-out>
</testcase>
<testcase name="findAllWhenTableHasDataReturnsListOfTickets()" classname="com.courses.airport.dao.TicketsDaoTest" time="0.079">
<system-out><![CDATA[
unique-id: [engine:junit-jupiter]/[class:com.courses.airport.dao.TicketsDaoTest]/[method:findAllWhenTableHasDataReturnsListOfTickets()]
display-name: findAllWhenTableHasDataReturnsListOfTickets()
]]></system-out>
</testcase>
<testcase name="removeByIdWithNegativeIdThrowsDaoException()" classname="com.courses.airport.dao.TicketsDaoTest" time="0.014">
<system-out><![CDATA[
unique-id: [engine:junit-jupiter]/[class:com.courses.airport.dao.TicketsDaoTest]/[method:removeByIdWithNegativeIdThrowsDaoException()]
display-name: removeByIdWithNegativeIdThrowsDaoException()
]]></system-out>
</testcase>
<testcase name="removeByIdWithNotExistingReturnsFalse()" classname="com.courses.airport.dao.TicketsDaoTest" time="0.016">
<system-out><![CDATA[
unique-id: [engine:junit-jupiter]/[class:com.courses.airport.dao.TicketsDaoTest]/[method:removeByIdWithNotExistingReturnsFalse()]
display-name: removeByIdWithNotExistingReturnsFalse()
]]></system-out>
</testcase>
<testcase name="findByIdWithNegativeIdThrowsDaoException()" classname="com.courses.airport.dao.TicketsDaoTest" time="0.014">
<system-out><![CDATA[
unique-id: [engine:junit-jupiter]/[class:com.courses.airport.dao.TicketsDaoTest]/[method:findByIdWithNegativeIdThrowsDaoException()]
display-name: findByIdWithNegativeIdThrowsDaoException()
]]></system-out>
</testcase>
<testcase name="removeByIdWithExistingIdReturnsTrue()" classname="com.courses.airport.dao.TicketsDaoTest" time="0.015">
<system-out><![CDATA[
unique-id: [engine:junit-jupiter]/[class:com.courses.airport.dao.TicketsDaoTest]/[method:removeByIdWithExistingIdReturnsTrue()]
display-name: removeByIdWithExistingIdReturnsTrue()
]]></system-out>
</testcase>
<testcase name="insertWhenTicketHasNullElementThrowsDAOException()" classname="com.courses.airport.dao.TicketsDaoTest" time="0.015">
<system-out><![CDATA[
unique-id: [engine:junit-jupiter]/[class:com.courses.airport.dao.TicketsDaoTest]/[method:insertWhenTicketHasNullElementThrowsDAOException()]
display-name: insertWhenTicketHasNullElementThrowsDAOException()
]]></system-out>
</testcase>
<testcase name="insertWhenTicketIsNullThrowsDaoException()" classname="com.courses.airport.dao.TicketsDaoTest" time="0.012">
<system-out><![CDATA[
unique-id: [engine:junit-jupiter]/[class:com.courses.airport.dao.TicketsDaoTest]/[method:insertWhenTicketIsNullThrowsDaoException()]
display-name: insertWhenTicketIsNullThrowsDaoException()
]]></system-out>
</testcase>
<testcase name="findAllWhenTableHasNoDataReturnsEmptyList()" classname="com.courses.airport.dao.TicketsDaoTest" time="0.009">
<system-out><![CDATA[
unique-id: [engine:junit-jupiter]/[class:com.courses.airport.dao.TicketsDaoTest]/[method:findAllWhenTableHasNoDataReturnsEmptyList()]
display-name: findAllWhenTableHasNoDataReturnsEmptyList()
]]></system-out>
</testcase>
<testcase name="insertWithValidDataReturnsTrue()" classname="com.courses.airport.dao.TicketsDaoTest" time="0.01">
<system-out><![CDATA[
unique-id: [engine:junit-jupiter]/[class:com.courses.airport.dao.TicketsDaoTest]/[method:insertWithValidDataReturnsTrue()]
display-name: insertWithValidDataReturnsTrue()
]]></system-out>
</testcase>
<testcase name="updateWhenEntryExistsReturnsTrue()" classname="com.courses.airport.dao.TicketsDaoTest" time="0.016">
<system-out><![CDATA[
unique-id: [engine:junit-jupiter]/[class:com.courses.airport.dao.TicketsDaoTest]/[method:updateWhenEntryExistsReturnsTrue()]
display-name: updateWhenEntryExistsReturnsTrue()
]]></system-out>
</testcase>
<testcase name="findByIdWithNotExistingIdReturnsNull()" classname="com.courses.airport.dao.TicketsDaoTest" time="0.011">
<system-out><![CDATA[
unique-id: [engine:junit-jupiter]/[class:com.courses.airport.dao.TicketsDaoTest]/[method:findByIdWithNotExistingIdReturnsNull()]
display-name: findByIdWithNotExistingIdReturnsNull()
]]></system-out>
</testcase>
<testcase name="findByIdWithExistingIdReturnsTicket()" classname="com.courses.airport.dao.TicketsDaoTest" time="0.014">
<system-out><![CDATA[
unique-id: [engine:junit-jupiter]/[class:com.courses.airport.dao.TicketsDaoTest]/[method:findByIdWithExistingIdReturnsTicket()]
display-name: findByIdWithExistingIdReturnsTicket()
]]></system-out>
</testcase>
<testcase name="updateWhenTicketIsNullThrowsDaoException()" classname="com.courses.airport.dao.TicketsDaoTest" time="0.011">
<system-out><![CDATA[
unique-id: [engine:junit-jupiter]/[class:com.courses.airport.dao.TicketsDaoTest]/[method:updateWhenTicketIsNullThrowsDaoException()]
display-name: updateWhenTicketIsNullThrowsDaoException()
]]></system-out>
</testcase>
<testcase name="updateWhenEntryNotExistsReturnsFalse()" classname="com.courses.airport.dao.TicketsDaoTest" time="0.015">
<system-out><![CDATA[
unique-id: [engine:junit-jupiter]/[class:com.courses.airport.dao.TicketsDaoTest]/[method:updateWhenEntryNotExistsReturnsFalse()]
display-name: updateWhenEntryNotExistsReturnsFalse()
]]></system-out>
</testcase>
<system-out><![CDATA[
unique-id: [engine:junit-jupiter]
display-name: JUnit Jupiter
]]></system-out>
</testsuite>
