<?xml version="1.0" encoding="UTF-8"?>
<testsuite name="JUnit Jupiter" tests="50" skipped="0" failures="0" errors="0" time="11.305" hostname="anatoliy-TravelMate-5744" timestamp="2018-03-11T16:14:09">
<properties>
[...]
</properties>
<testcase name="removeByIdWithNegativeIdThrowsDaoException()" classname="com.courses.airport.dao.AirDaoMockTest" time="7.153">
<system-out><![CDATA[
unique-id: [engine:junit-jupiter]/[class:com.courses.airport.dao.AirDaoMockTest]/[method:removeByIdWithNegativeIdThrowsDaoException()]
display-name: removeByIdWithNegativeIdThrowsDaoException()
]]></system-out>
</testcase>
<testcase name="findByIdWithNegativeIdThrowsDaoException()" classname="com.courses.airport.dao.AirDaoMockTest" time="0.038">
<system-out><![CDATA[
unique-id: [engine:junit-jupiter]/[class:com.courses.airport.dao.AirDaoMockTest]/[method:findByIdWithNegativeIdThrowsDaoException()]
display-name: findByIdWithNegativeIdThrowsDaoException()
]]></system-out>
</testcase>
<testcase name="findByIdWithExistingIdReturnsAirport()" classname="com.courses.airport.dao.AirDaoMockTest" time="0.406">
<system-out><![CDATA[
unique-id: [engine:junit-jupiter]/[class:com.courses.airport.dao.AirDaoMockTest]/[method:findByIdWithExistingIdReturnsAirport()]
display-name: findByIdWithExistingIdReturnsAirport()
]]></system-out>
</testcase>
<testcase name="updateWhenBadConnectionThrowsDaoException()" classname="com.courses.airport.dao.AirDaoMockTest" time="0.192">
<system-out><![CDATA[
unique-id: [engine:junit-jupiter]/[class:com.courses.airport.dao.AirDaoMockTest]/[method:updateWhenBadConnectionThrowsDaoException()]
display-name: updateWhenBadConnectionThrowsDaoException()
]]></system-out>
</testcase>
<testcase name="removeByIdWhenBadConnectionThrowsDaoException()" classname="com.courses.airport.dao.AirDaoMockTest" time="0.033">
<system-out><![CDATA[
unique-id: [engine:junit-jupiter]/[class:com.courses.airport.dao.AirDaoMockTest]/[method:removeByIdWhenBadConnectionThrowsDaoException()]
display-name: removeByIdWhenBadConnectionThrowsDaoException()
]]></system-out>
</testcase>
<testcase name="findAllWhenBadConnectionThrowsDaoException()" classname="com.courses.airport.dao.AirDaoMockTest" time="0.039">
<system-out><![CDATA[
unique-id: [engine:junit-jupiter]/[class:com.courses.airport.dao.AirDaoMockTest]/[method:findAllWhenBadConnectionThrowsDaoException()]
display-name: findAllWhenBadConnectionThrowsDaoException()
]]></system-out>
</testcase>
<testcase name="findByIdWhenBadConnectionThrowsDaoException()" classname="com.courses.airport.dao.AirDaoMockTest" time="0.031">
<system-out><![CDATA[
unique-id: [engine:junit-jupiter]/[class:com.courses.airport.dao.AirDaoMockTest]/[method:findByIdWhenBadConnectionThrowsDaoException()]
display-name: findByIdWhenBadConnectionThrowsDaoException()
]]></system-out>
</testcase>
<testcase name="insertWhenExecuteUpdatePositiveDataReturnsTrue()" classname="com.courses.airport.dao.AirDaoMockTest" time="0.149">
<system-out><![CDATA[
unique-id: [engine:junit-jupiter]/[class:com.courses.airport.dao.AirDaoMockTest]/[method:insertWhenExecuteUpdatePositiveDataReturnsTrue()]
display-name: insertWhenExecuteUpdatePositiveDataReturnsTrue()
]]></system-out>
</testcase>
<testcase name="insertWhenBadConnectionThrowsDAOException()" classname="com.courses.airport.dao.AirDaoMockTest" time="0.026">
<system-out><![CDATA[
unique-id: [engine:junit-jupiter]/[class:com.courses.airport.dao.AirDaoMockTest]/[method:insertWhenBadConnectionThrowsDAOException()]
display-name: insertWhenBadConnectionThrowsDAOException()
]]></system-out>
</testcase>
<testcase name="insertWhenExecuteUpdateNegativeDataReturnsTrue()" classname="com.courses.airport.dao.AirDaoMockTest" time="0.074">
<system-out><![CDATA[
unique-id: [engine:junit-jupiter]/[class:com.courses.airport.dao.AirDaoMockTest]/[method:insertWhenExecuteUpdateNegativeDataReturnsTrue()]
display-name: insertWhenExecuteUpdateNegativeDataReturnsTrue()
]]></system-out>
</testcase>
<testcase name="findByIdWhenEmptyResultSetReturnsNull()" classname="com.courses.airport.dao.AirDaoMockTest" time="0.118">
<system-out><![CDATA[
unique-id: [engine:junit-jupiter]/[class:com.courses.airport.dao.AirDaoMockTest]/[method:findByIdWhenEmptyResultSetReturnsNull()]
display-name: findByIdWhenEmptyResultSetReturnsNull()
]]></system-out>
</testcase>
<testcase name="insertWhenAirportIsNullThrowsDaoException()" classname="com.courses.airport.dao.AirportDaoTest" time="1.457">
<system-out><![CDATA[
unique-id: [engine:junit-jupiter]/[class:com.courses.airport.dao.AirportDaoTest]/[method:insertWhenAirportIsNullThrowsDaoException()]
display-name: insertWhenAirportIsNullThrowsDaoException()
]]></system-out>
</testcase>
<testcase name="removeByIdWithNegativeIdThrowsDaoException()" classname="com.courses.airport.dao.AirportDaoTest" time="0.017">
<system-out><![CDATA[
unique-id: [engine:junit-jupiter]/[class:com.courses.airport.dao.AirportDaoTest]/[method:removeByIdWithNegativeIdThrowsDaoException()]
display-name: removeByIdWithNegativeIdThrowsDaoException()
]]></system-out>
</testcase>
<testcase name="removeByIdWithNotExistingReturnsFalse()" classname="com.courses.airport.dao.AirportDaoTest" time="0.169">
<system-out><![CDATA[
unique-id: [engine:junit-jupiter]/[class:com.courses.airport.dao.AirportDaoTest]/[method:removeByIdWithNotExistingReturnsFalse()]
display-name: removeByIdWithNotExistingReturnsFalse()
]]></system-out>
</testcase>
<testcase name="findByIdWithNegativeIdThrowsDaoException()" classname="com.courses.airport.dao.AirportDaoTest" time="0.035">
<system-out><![CDATA[
unique-id: [engine:junit-jupiter]/[class:com.courses.airport.dao.AirportDaoTest]/[method:findByIdWithNegativeIdThrowsDaoException()]
display-name: findByIdWithNegativeIdThrowsDaoException()
]]></system-out>
</testcase>
<testcase name="findAllWhenTableHasDataReturnsListOfAirport()" classname="com.courses.airport.dao.AirportDaoTest" time="0.039">
<system-out><![CDATA[
unique-id: [engine:junit-jupiter]/[class:com.courses.airport.dao.AirportDaoTest]/[method:findAllWhenTableHasDataReturnsListOfAirport()]
display-name: findAllWhenTableHasDataReturnsListOfAirport()
]]></system-out>
</testcase>
<testcase name="findByIdWithExistingIdReturnsAirport()" classname="com.courses.airport.dao.AirportDaoTest" time="0.018">
<system-out><![CDATA[
unique-id: [engine:junit-jupiter]/[class:com.courses.airport.dao.AirportDaoTest]/[method:findByIdWithExistingIdReturnsAirport()]
display-name: findByIdWithExistingIdReturnsAirport()
]]></system-out>
</testcase>
<testcase name="removeByIdWithExistingIdReturnsTrue()" classname="com.courses.airport.dao.AirportDaoTest" time="0.016">
<system-out><![CDATA[
unique-id: [engine:junit-jupiter]/[class:com.courses.airport.dao.AirportDaoTest]/[method:removeByIdWithExistingIdReturnsTrue()]
display-name: removeByIdWithExistingIdReturnsTrue()
]]></system-out>
</testcase>
<testcase name="updateWhenAirportIsNullThrowsDaoException()" classname="com.courses.airport.dao.AirportDaoTest" time="0.012">
<system-out><![CDATA[
unique-id: [engine:junit-jupiter]/[class:com.courses.airport.dao.AirportDaoTest]/[method:updateWhenAirportIsNullThrowsDaoException()]
display-name: updateWhenAirportIsNullThrowsDaoException()
]]></system-out>
</testcase>
<testcase name="findAllWhenTableHasNoDataReturnsEmptyList()" classname="com.courses.airport.dao.AirportDaoTest" time="0.011">
<system-out><![CDATA[
unique-id: [engine:junit-jupiter]/[class:com.courses.airport.dao.AirportDaoTest]/[method:findAllWhenTableHasNoDataReturnsEmptyList()]
display-name: findAllWhenTableHasNoDataReturnsEmptyList()
]]></system-out>
</testcase>
<testcase name="insertWithValidDataReturnsTrue()" classname="com.courses.airport.dao.AirportDaoTest" time="0.015">
<system-out><![CDATA[
unique-id: [engine:junit-jupiter]/[class:com.courses.airport.dao.AirportDaoTest]/[method:insertWithValidDataReturnsTrue()]
display-name: insertWithValidDataReturnsTrue()
]]></system-out>
</testcase>
<testcase name="updateWhenEntryExistsReturnsTrue()" classname="com.courses.airport.dao.AirportDaoTest" time="0.042">
<system-out><![CDATA[
unique-id: [engine:junit-jupiter]/[class:com.courses.airport.dao.AirportDaoTest]/[method:updateWhenEntryExistsReturnsTrue()]
display-name: updateWhenEntryExistsReturnsTrue()
]]></system-out>
</testcase>
<testcase name="insertWhenAirportHasNullElementThrowsDAOException()" classname="com.courses.airport.dao.AirportDaoTest" time="0.024">
<system-out><![CDATA[
unique-id: [engine:junit-jupiter]/[class:com.courses.airport.dao.AirportDaoTest]/[method:insertWhenAirportHasNullElementThrowsDAOException()]
display-name: insertWhenAirportHasNullElementThrowsDAOException()
]]></system-out>
</testcase>
<testcase name="findByIdWithNotExistingIdReturnsNull()" classname="com.courses.airport.dao.AirportDaoTest" time="0.019">
<system-out><![CDATA[
unique-id: [engine:junit-jupiter]/[class:com.courses.airport.dao.AirportDaoTest]/[method:findByIdWithNotExistingIdReturnsNull()]
display-name: findByIdWithNotExistingIdReturnsNull()
]]></system-out>
</testcase>
<testcase name="updateWhenEntryNotExistsReturnsFalse()" classname="com.courses.airport.dao.AirportDaoTest" time="0.021">
<system-out><![CDATA[
unique-id: [engine:junit-jupiter]/[class:com.courses.airport.dao.AirportDaoTest]/[method:updateWhenEntryNotExistsReturnsFalse()]
display-name: updateWhenEntryNotExistsReturnsFalse()
]]></system-out>
</testcase>
<testcase name="removeByIdWithNegativeIdThrowsDaoException()" classname="com.courses.airport.dao.TicketDaoMockTest" time="0.033">
<system-out><![CDATA[
unique-id: [engine:junit-jupiter]/[class:com.courses.airport.dao.TicketDaoMockTest]/[method:removeByIdWithNegativeIdThrowsDaoException()]
display-name: removeByIdWithNegativeIdThrowsDaoException()
]]></system-out>
</testcase>
<testcase name="findByIdWithNegativeIdThrowsDaoException()" classname="com.courses.airport.dao.TicketDaoMockTest" time="0.023">
<system-out><![CDATA[
unique-id: [engine:junit-jupiter]/[class:com.courses.airport.dao.TicketDaoMockTest]/[method:findByIdWithNegativeIdThrowsDaoException()]
display-name: findByIdWithNegativeIdThrowsDaoException()
]]></system-out>
</testcase>
<testcase name="updateWhenBadConnectionThrowsDaoException()" classname="com.courses.airport.dao.TicketDaoMockTest" time="0.037">
<system-out><![CDATA[
unique-id: [engine:junit-jupiter]/[class:com.courses.airport.dao.TicketDaoMockTest]/[method:updateWhenBadConnectionThrowsDaoException()]
display-name: updateWhenBadConnectionThrowsDaoException()
]]></system-out>
</testcase>
<testcase name="removeByIdWhenBadConnectionThrowsDaoException()" classname="com.courses.airport.dao.TicketDaoMockTest" time="0.023">
<system-out><![CDATA[
unique-id: [engine:junit-jupiter]/[class:com.courses.airport.dao.TicketDaoMockTest]/[method:removeByIdWhenBadConnectionThrowsDaoException()]
display-name: removeByIdWhenBadConnectionThrowsDaoException()
]]></system-out>
</testcase>
<testcase name="findAllWhenBadConnectionThrowsDaoException()" classname="com.courses.airport.dao.TicketDaoMockTest" time="0.022">
<system-out><![CDATA[
unique-id: [engine:junit-jupiter]/[class:com.courses.airport.dao.TicketDaoMockTest]/[method:findAllWhenBadConnectionThrowsDaoException()]
display-name: findAllWhenBadConnectionThrowsDaoException()
]]></system-out>
</testcase>
<testcase name="findByIdWhenBadConnectionThrowsDaoException()" classname="com.courses.airport.dao.TicketDaoMockTest" time="0.022">
<system-out><![CDATA[
unique-id: [engine:junit-jupiter]/[class:com.courses.airport.dao.TicketDaoMockTest]/[method:findByIdWhenBadConnectionThrowsDaoException()]
display-name: findByIdWhenBadConnectionThrowsDaoException()
]]></system-out>
</testcase>
<testcase name="insertWhenExecuteUpdatePositiveDataReturnsTrue()" classname="com.courses.airport.dao.TicketDaoMockTest" time="0.093">
<system-out><![CDATA[
unique-id: [engine:junit-jupiter]/[class:com.courses.airport.dao.TicketDaoMockTest]/[method:insertWhenExecuteUpdatePositiveDataReturnsTrue()]
display-name: insertWhenExecuteUpdatePositiveDataReturnsTrue()
]]></system-out>
</testcase>
<testcase name="findByIdWithExistingIdReturnsTicket()" classname="com.courses.airport.dao.TicketDaoMockTest" time="0.112">
<system-out><![CDATA[
unique-id: [engine:junit-jupiter]/[class:com.courses.airport.dao.TicketDaoMockTest]/[method:findByIdWithExistingIdReturnsTicket()]
display-name: findByIdWithExistingIdReturnsTicket()
]]></system-out>
</testcase>
<testcase name="insertWhenBadConnectionThrowsDAOException()" classname="com.courses.airport.dao.TicketDaoMockTest" time="0.026">
<system-out><![CDATA[
unique-id: [engine:junit-jupiter]/[class:com.courses.airport.dao.TicketDaoMockTest]/[method:insertWhenBadConnectionThrowsDAOException()]
display-name: insertWhenBadConnectionThrowsDAOException()
]]></system-out>
</testcase>
<testcase name="insertWhenExecuteUpdateNegativeDataReturnsTrue()" classname="com.courses.airport.dao.TicketDaoMockTest" time="0.046">
<system-out><![CDATA[
unique-id: [engine:junit-jupiter]/[class:com.courses.airport.dao.TicketDaoMockTest]/[method:insertWhenExecuteUpdateNegativeDataReturnsTrue()]
display-name: insertWhenExecuteUpdateNegativeDataReturnsTrue()
]]></system-out>
</testcase>
<testcase name="findByIdWhenEmptyResultSetReturnsNull()" classname="com.courses.airport.dao.TicketDaoMockTest" time="0.074">
<system-out><![CDATA[
unique-id: [engine:junit-jupiter]/[class:com.courses.airport.dao.TicketDaoMockTest]/[method:findByIdWhenEmptyResultSetReturnsNull()]
display-name: findByIdWhenEmptyResultSetReturnsNull()
]]></system-out>
</testcase>
<testcase name="findAllWhenTableHasDataReturnsListOfTickets()" classname="com.courses.airport.dao.TicketsDaoTest" time="0.02">
<system-out><![CDATA[
unique-id: [engine:junit-jupiter]/[class:com.courses.airport.dao.TicketsDaoTest]/[method:findAllWhenTableHasDataReturnsListOfTickets()]
display-name: findAllWhenTableHasDataReturnsListOfTickets()
]]></system-out>
</testcase>
<testcase name="removeByIdWithNegativeIdThrowsDaoException()" classname="com.courses.airport.dao.TicketsDaoTest" time="0.012">
<system-out><![CDATA[
unique-id: [engine:junit-jupiter]/[class:com.courses.airport.dao.TicketsDaoTest]/[method:removeByIdWithNegativeIdThrowsDaoException()]
display-name: removeByIdWithNegativeIdThrowsDaoException()
]]></system-out>
</testcase>
<testcase name="removeByIdWithNotExistingReturnsFalse()" classname="com.courses.airport.dao.TicketsDaoTest" time="0.015">
<system-out><![CDATA[
unique-id: [engine:junit-jupiter]/[class:com.courses.airport.dao.TicketsDaoTest]/[method:removeByIdWithNotExistingReturnsFalse()]
display-name: removeByIdWithNotExistingReturnsFalse()
]]></system-out>
</testcase>
<testcase name="findByIdWithNegativeIdThrowsDaoException()" classname="com.courses.airport.dao.TicketsDaoTest" time="0.017">
<system-out><![CDATA[
unique-id: [engine:junit-jupiter]/[class:com.courses.airport.dao.TicketsDaoTest]/[method:findByIdWithNegativeIdThrowsDaoException()]
display-name: findByIdWithNegativeIdThrowsDaoException()
]]></system-out>
</testcase>
<testcase name="removeByIdWithExistingIdReturnsTrue()" classname="com.courses.airport.dao.TicketsDaoTest" time="0.022">
<system-out><![CDATA[
unique-id: [engine:junit-jupiter]/[class:com.courses.airport.dao.TicketsDaoTest]/[method:removeByIdWithExistingIdReturnsTrue()]
display-name: removeByIdWithExistingIdReturnsTrue()
]]></system-out>
</testcase>
<testcase name="insertWhenTicketHasNullElementThrowsDAOException()" classname="com.courses.airport.dao.TicketsDaoTest" time="0.018">
<system-out><![CDATA[
unique-id: [engine:junit-jupiter]/[class:com.courses.airport.dao.TicketsDaoTest]/[method:insertWhenTicketHasNullElementThrowsDAOException()]
display-name: insertWhenTicketHasNullElementThrowsDAOException()
]]></system-out>
</testcase>
<testcase name="insertWhenTicketIsNullThrowsDaoException()" classname="com.courses.airport.dao.TicketsDaoTest" time="0.01">
<system-out><![CDATA[
unique-id: [engine:junit-jupiter]/[class:com.courses.airport.dao.TicketsDaoTest]/[method:insertWhenTicketIsNullThrowsDaoException()]
display-name: insertWhenTicketIsNullThrowsDaoException()
]]></system-out>
</testcase>
<testcase name="findAllWhenTableHasNoDataReturnsEmptyList()" classname="com.courses.airport.dao.TicketsDaoTest" time="0.01">
<system-out><![CDATA[
unique-id: [engine:junit-jupiter]/[class:com.courses.airport.dao.TicketsDaoTest]/[method:findAllWhenTableHasNoDataReturnsEmptyList()]
display-name: findAllWhenTableHasNoDataReturnsEmptyList()
]]></system-out>
</testcase>
<testcase name="insertWithValidDataReturnsTrue()" classname="com.courses.airport.dao.TicketsDaoTest" time="0.01">
<system-out><![CDATA[
unique-id: [engine:junit-jupiter]/[class:com.courses.airport.dao.TicketsDaoTest]/[method:insertWithValidDataReturnsTrue()]
display-name: insertWithValidDataReturnsTrue()
]]></system-out>
</testcase>
<testcase name="updateWhenEntryExistsReturnsTrue()" classname="com.courses.airport.dao.TicketsDaoTest" time="0.03">
<system-out><![CDATA[
unique-id: [engine:junit-jupiter]/[class:com.courses.airport.dao.TicketsDaoTest]/[method:updateWhenEntryExistsReturnsTrue()]
display-name: updateWhenEntryExistsReturnsTrue()
]]></system-out>
</testcase>
<testcase name="findByIdWithNotExistingIdReturnsNull()" classname="com.courses.airport.dao.TicketsDaoTest" time="0.011">
<system-out><![CDATA[
unique-id: [engine:junit-jupiter]/[class:com.courses.airport.dao.TicketsDaoTest]/[method:findByIdWithNotExistingIdReturnsNull()]
display-name: findByIdWithNotExistingIdReturnsNull()
]]></system-out>
</testcase>
<testcase name="findByIdWithExistingIdReturnsTicket()" classname="com.courses.airport.dao.TicketsDaoTest" time="0.014">
<system-out><![CDATA[
unique-id: [engine:junit-jupiter]/[class:com.courses.airport.dao.TicketsDaoTest]/[method:findByIdWithExistingIdReturnsTicket()]
display-name: findByIdWithExistingIdReturnsTicket()
]]></system-out>
</testcase>
<testcase name="updateWhenTicketIsNullThrowsDaoException()" classname="com.courses.airport.dao.TicketsDaoTest" time="0.011">
<system-out><![CDATA[
unique-id: [engine:junit-jupiter]/[class:com.courses.airport.dao.TicketsDaoTest]/[method:updateWhenTicketIsNullThrowsDaoException()]
display-name: updateWhenTicketIsNullThrowsDaoException()
]]></system-out>
</testcase>
<testcase name="updateWhenEntryNotExistsReturnsFalse()" classname="com.courses.airport.dao.TicketsDaoTest" time="0.021">
<system-out><![CDATA[
unique-id: [engine:junit-jupiter]/[class:com.courses.airport.dao.TicketsDaoTest]/[method:updateWhenEntryNotExistsReturnsFalse()]
display-name: updateWhenEntryNotExistsReturnsFalse()
]]></system-out>
</testcase>
<system-out><![CDATA[
unique-id: [engine:junit-jupiter]
display-name: JUnit Jupiter
]]></system-out>
</testsuite>
